<?xml version="1.0" encoding="UTF-8"?>
<!-- Generated by org.testng.reporters.JUnitReportReporter -->
<testsuite hostname="CHIWAS01" failures="0" tests="4" name="dASH_Main.DASH" time="11.398" errors="0" timestamp="20 Dec 2021 22:38:58 GMT">
  <testcase classname="dASH_Main.DASH" name="dash_TestExecutionControl" time="3.542"/>
  <testcase classname="dASH_Main.DASH" name="dash_TestExecutionControl" time="3.573"/>
  <testcase classname="dASH_Main.DASH" name="dash_TestExecutionControl" time="0.353"/>
  <testcase classname="dASH_Main.DASH" name="dash_TestExecutionControl" time="3.930"/>
</testsuite> <!-- dASH_Main.DASH -->
